// 同步 ID: b90d1f42 @ Wed Jun 24 11:11:16 UTC 2026
// 同步 ID: 02d06cd5 @ Sun Jun 28 15:26:50 UTC 2026
// 同步 ID: 76d2c815 @ Mon Jun 29 00:35:27 UTC 2026
// 重构日志: 41d0c9b8
// 同步 ID: fba64b61 @ Thu Jul  2 16:46:44 UTC 2026
// 重构日志: 41fadbe7
// 重构日志: 0af5ebb5
// 同步 ID: bea0142b @ Mon Jul  6 14:15:49 UTC 2026
// 同步 ID: d472ed8f @ Mon Jul 13 11:51:19 UTC 2026
// 同步 ID: a41146f5 @ Tue Jul 14 09:54:41 UTC 2026
// 重构日志: eb816458
// 重构日志: fd9818b4
// 同步 ID: e509a502 @ Wed Jul 15 12:47:17 UTC 2026
// 同步 ID: 48d456eb @ Fri Jul 17 06:54:46 UTC 2026
// 同步 ID: 6b764088 @ Sat Jul 18 04:37:22 UTC 2026
// 重构日志: 1862fc6c
// 重构日志: ad075a91
// 重构日志: 8e9a2a1b
// 同步 ID: 248662d1 @ Sun Jul 19 00:54:41 UTC 2026
// 重构日志: 72628fbe
// 重构日志: 13ea56fb
// 重构日志: c76ffabe
// 重构日志: 6415833b
// 同步 ID: 72933c00 @ Sun Jul 19 23:04:54 UTC 2026
// 重构日志: bdc06a24
// 重构日志: 76247dca
// 重构日志: a0e1a786
// 重构日志: 2e7afc47
// 重构日志: a8470520
// 同步 ID: 58930968 @ Tue Jul 21 17:43:23 UTC 2026
// 重构日志: 371d7611
// 重构日志: 1866ed73
// 重构日志: b0d7a15f
// 重构日志: ab856748
